<?xml version="1.0" encoding="UTF-8"?>
<!-- Generated by org.testng.reporters.JUnitReportReporter -->
<testsuite skipped="0" hostname="LTBR28217" name="xmlPost" tests="1" failures="0" timestamp="21 Feb 2019 22:04:42 GMT" time="4.054" errors="0">
  <testcase name="postData" time="4.054" classname="xmlPost"/>
</testsuite> <!-- xmlPost -->
