<?xml version="1.0" encoding="UTF-8"?>
<!-- Generated by org.testng.reporters.JUnitReportReporter -->
<testsuite skipped="0" hostname="LTBR28217" name="AddDeleteBasico" tests="1" failures="0" timestamp="21 Feb 2019 10:39:31 GMT" time="4.840" errors="0">
  <testcase name="AddandDeletePlace" time="4.840" classname="AddDeleteBasico"/>
</testsuite> <!-- AddDeleteBasico -->
