<?xml version="1.0" encoding="UTF-8"?>
<!-- Generated by org.testng.reporters.JUnitReportReporter -->
<testsuite skipped="0" hostname="LTBR28217" name="basics" tests="1" failures="0" timestamp="20 Feb 2019 20:34:52 GMT" time="5.594" errors="0">
  <testcase name="Test1" time="5.594" classname="basics"/>
</testsuite> <!-- basics -->
