<?xml version="1.0" encoding="UTF-8"?>
<!-- Generated by org.testng.reporters.JUnitReportReporter -->
<testsuite skipped="0" hostname="LTBR28217" name="PostBasico" tests="1" failures="0" timestamp="20 Feb 2019 21:15:26 GMT" time="3.160" errors="0">
  <testcase name="postData" time="3.160" classname="PostBasico"/>
</testsuite> <!-- PostBasico -->
