<?xml version="1.0" encoding="UTF-8"?>
<!-- Generated by org.testng.reporters.JUnitReportReporter -->
<testsuite skipped="0" hostname="LTBR28217" name="AddDeleteBasico" tests="1" failures="0" timestamp="21 Feb 2019 00:01:11 GMT" time="13.414" errors="0">
  <testcase name="AddandDeletePlace" time="13.414" classname="AddDeleteBasico"/>
</testsuite> <!-- AddDeleteBasico -->
